# Preference setting overrides
gui_create_pref_key -category {Globals} -key {load_detail_for_funcov} -value_type {bool} -value {false}

# State setting overrides
gui_state_default_create -off -ini
gui_set_state_value -category Globals -key recent_databases -value {{gui_open_db -file /home/ecelrc/students/sjensen/spring_2020/microarchitecture/hw/test.dump.vpd -design V1} {gui_open_db -file /home/ecelrc/students/sjensen/spring_2020/microarchitecture/hw2/test.dump.vpd -design V1} {gui_open_db -file /home/ecelrc/students/sjensen/spring_2020/microarchitecture/hw1b/test.dump.vpd -design V1} {gui_open_db -file /home/ecelrc/students/sjensen/spring_2020/microarchitecture/hw1b/test.dump.vpd -design V2} {gui_open_db -file /home/ecelrc/students/sjensen/spring_2020/microarchitecture/hw1b/test.dump -design V1}}
gui_set_state_value -category Layout -key child_console_size_x -value 1852
gui_set_state_value -category Layout -key child_console_size_y -value 164
gui_set_state_value -category Layout -key child_data_size_x -value 256
gui_set_state_value -category Layout -key child_data_size_y -value 779
gui_set_state_value -category Layout -key child_hier_col3 -value {-1}
gui_set_state_value -category Layout -key child_hier_colhier -value 230
gui_set_state_value -category Layout -key child_hier_colpd -value 0
gui_set_state_value -category Layout -key child_hier_coltype -value 177
gui_set_state_value -category Layout -key child_hier_size_x -value 403
gui_set_state_value -category Layout -key child_hier_size_y -value 779
gui_set_state_value -category Layout -key child_list_down -value 193
gui_set_state_value -category Layout -key child_list_right -value 444
gui_set_state_value -category Layout -key child_source_docknewline -value false
gui_set_state_value -category Layout -key child_source_pos_x -value {-2}
gui_set_state_value -category Layout -key child_source_pos_y -value {-15}
gui_set_state_value -category Layout -key child_source_size_x -value 1196
gui_set_state_value -category Layout -key child_source_size_y -value 774
gui_set_state_value -category Layout -key child_wave_colname -value 266
gui_set_state_value -category Layout -key child_wave_colvalue -value 266
gui_set_state_value -category Layout -key child_wave_left -value 537
gui_set_state_value -category Layout -key child_wave_right -value 1310
gui_set_state_value -category Layout -key main_pos_x -value 0
gui_set_state_value -category Layout -key main_pos_y -value 28
gui_set_state_value -category Layout -key main_size_x -value 1852
gui_set_state_value -category Layout -key main_size_y -value 1052
gui_set_state_value -category Layout -key stand_list_child_docknewline -value false
gui_set_state_value -category Layout -key stand_list_child_pos_x -value {-2}
gui_set_state_value -category Layout -key stand_list_child_pos_y -value {-15}
gui_set_state_value -category Layout -key stand_list_child_size_x -value 604
gui_set_state_value -category Layout -key stand_list_child_size_y -value 338
gui_set_state_value -category Layout -key stand_list_top_pos_y -value 57
gui_set_state_value -category Layout -key stand_list_top_size_x -value 1099
gui_set_state_value -category Layout -key stand_list_top_size_y -value 556
gui_set_state_value -category Layout -key stand_wave_child_docknewline -value false
gui_set_state_value -category Layout -key stand_wave_child_pos_x -value {-2}
gui_set_state_value -category Layout -key stand_wave_child_pos_y -value {-15}
gui_set_state_value -category Layout -key stand_wave_child_size_x -value 1857
gui_set_state_value -category Layout -key stand_wave_child_size_y -value 938
gui_set_state_value -category Layout -key stand_wave_top_pos_x -value 0
gui_set_state_value -category Layout -key stand_wave_top_pos_y -value 28
gui_set_state_value -category Layout -key stand_wave_top_size_x -value 1852
gui_set_state_value -category Layout -key stand_wave_top_size_y -value 1052
gui_create_state_key -category FindDialog -key m_pMatchCase -value_type bool -value false
gui_create_state_key -category FindDialog -key m_pMatchWord -value_type bool -value false
gui_create_state_key -category FindDialog -key m_pUseCombo -value_type string -value {}
gui_create_state_key -category FindDialog -key m_pWrapAround -value_type bool -value true
gui_create_state_key -category SearchDialog -key MatchCase -value_type bool -value false
gui_create_state_key -category SearchDialog -key MatchWord -value_type bool -value true
gui_create_state_key -category SearchDialog -key SearchMode -value_type string -value Wildcards
gui_create_state_key -category SearchDialog -key UseCombo -value_type bool -value true
gui_create_state_key -category Widget_History -key TopLevel.2|EkTopVbox|wndWorkspace|qt_workspacechild2|Wave.1|left|filterVBox|controlHBox|unnamed -value_type string -value {*ag_disp *sreg}
gui_state_default_create -off

# Begin command logging
gui_open_db -file /home/ecelrc/students/sjensen/spring_2020/microarchitecture/hw/test.dump.vpd -design V1
gui_open_window Wave
gui_list_add -id Wave.1 -from Source.1 { TOP } -insertionbar
gui_marker_move -id  Wave.1 C1 155
gui_scroll -window Wave.1 -hrel .2
gui_scroll -window Wave.1 -hrel .2
gui_scroll -window Wave.1 -hrel .2
gui_scroll -window Wave.1 -hrel .2
gui_scroll -window Wave.1 -hrel .2
gui_scroll -window Wave.1 -hrel .2
gui_scroll -window Wave.1 -hrel .2
gui_scroll -window Wave.1 -hrel .2
gui_scroll -window Wave.1 -hrel .2
gui_scroll -window Wave.1 -hrel .2
gui_scroll -window Wave.1 -hrel .2
gui_scroll -window Wave.1 -hrel .2
gui_scroll -window Wave.1 -hrel .2
gui_scroll -window Wave.1 -hrel .2
gui_scroll -window Wave.1 -hrel .2
gui_scroll -window Wave.1 -hrel -.2
gui_scroll -window Wave.1 -hrel -.2
gui_scroll -window Wave.1 -hrel -.2
gui_scroll -window Wave.1 -hrel -.2
gui_scroll -window Wave.1 -hrel -.2
gui_scroll -window Wave.1 -hrel -.2
gui_scroll -window Wave.1 -hrel -.2
gui_scroll -window Wave.1 -hrel -.2
gui_scroll -window Wave.1 -hrel -.2
gui_scroll -window Wave.1 -hrel -.2
gui_scroll -window Wave.1 -hrel -.2
gui_scroll -window Wave.1 -hrel -.2
gui_scroll -window Wave.1 -hrel -.2
gui_scroll -window Wave.1 -hrel -.2
gui_scroll -window Wave.1 -hrel -.2
gui_scroll -window Wave.1 -hrel -.2
gui_scroll -window Wave.1 -hrel -.2
gui_scroll -window Wave.1 -hrel -.2
gui_scroll -window Wave.1 -hrel -.2
gui_scroll -window Wave.1 -hrel -.2
gui_scroll -window Wave.1 -hrel -.2
gui_scroll -window Wave.1 -hrel -.2
gui_scroll -window Wave.1 -hrel -.2
gui_scroll -window Wave.1 -hrel -.2
gui_scroll -window Wave.1 -hrel -.2
gui_scroll -window Wave.1 -hrel -.2
gui_scroll -window Wave.1 -vrel .2
gui_scroll -window Wave.1 -vrel .2
gui_scroll -window Wave.1 -vrel .2
gui_scroll -window Wave.1 -vrel .2
gui_scroll -window Wave.1 -hrel .2
gui_scroll -window Wave.1 -hrel .2
gui_scroll -window Wave.1 -hrel .2
gui_scroll -window Wave.1 -hrel .2
gui_scroll -window Wave.1 -hrel .2
gui_scroll -window Wave.1 -hrel .2
gui_scroll -window Wave.1 -hrel .2
gui_scroll -window Wave.1 -hrel .2
gui_zoom -window Wave.1 -factor 0.5
gui_zoom -window Wave.1 -factor 0.5
gui_zoom -window Wave.1 -factor 2
gui_zoom -window Wave.1 -factor 0.5
gui_zoom -window Wave.1 -factor 0.5
gui_zoom -window Wave.1 -factor 0.5
gui_scroll -window Wave.1 -hrel .2
gui_scroll -window Wave.1 -hrel .2
gui_scroll -window Wave.1 -hrel .2
gui_scroll -window Wave.1 -vrel .2
gui_scroll -window Wave.1 -vrel .2
gui_scroll -window Wave.1 -vrel .2
gui_scroll -window Wave.1 -vrel .2
gui_scroll -window Wave.1 -hrel .2
gui_scroll -window Wave.1 -hrel .2
gui_scroll -window Wave.1 -hrel .2
gui_scroll -window Wave.1 -hrel .2
gui_scroll -window Wave.1 -vrel .2
gui_scroll -window Wave.1 -vrel .2
gui_scroll -window Wave.1 -vrel .2
gui_scroll -window Wave.1 -vrel -.2
gui_scroll -window Wave.1 -vrel -.2
gui_scroll -window Wave.1 -vrel -.2
gui_scroll -window Wave.1 -vrel .2
gui_scroll -window Wave.1 -vrel .2
gui_marker_move -id  Wave.1 C1 5093
gui_marker_move -id  Wave.1 C1 5041
gui_marker_select -id  Wave.1 { C1 }
gui_marker_move -id  Wave.1 C1 4966
gui_marker_move -id  Wave.1 C1 5008
gui_scroll -window Wave.1 -vrel -.2
gui_scroll -window Wave.1 -vrel -.2
gui_scroll -window Wave.1 -vrel -.2
gui_scroll -window Wave.1 -vrel -.2
gui_scroll -window Wave.1 -vrel .2
gui_scroll -window Wave.1 -vrel .2
gui_scroll -window Wave.1 -hrel .2
gui_scroll -window Wave.1 -hrel .2
gui_scroll -window Wave.1 -hrel .2
gui_scroll -window Wave.1 -hrel .2
gui_scroll -window Wave.1 -hrel .2
gui_scroll -window Wave.1 -hrel .2
gui_scroll -window Wave.1 -hrel .2
gui_scroll -window Wave.1 -hrel .2
gui_scroll -window Wave.1 -hrel .2
gui_scroll -window Wave.1 -hrel .2
gui_scroll -window Wave.1 -hrel .2
gui_scroll -window Wave.1 -hrel .2
gui_scroll -window Wave.1 -hrel .2
gui_scroll -window Wave.1 -hrel .2
gui_scroll -window Wave.1 -hrel .2
gui_scroll -window Wave.1 -hrel .2
gui_scroll -window Wave.1 -hrel .2
gui_scroll -window Wave.1 -hrel .2
gui_scroll -window Wave.1 -hrel .2
gui_scroll -window Wave.1 -hrel .2
gui_scroll -window Wave.1 -hrel .2
gui_scroll -window Wave.1 -hrel .2
gui_scroll -window Wave.1 -hrel -.2
gui_scroll -window Wave.1 -hrel -.2
gui_scroll -window Wave.1 -hrel -.2
gui_scroll -window Wave.1 -hrel -.2
gui_scroll -window Wave.1 -hrel -.2
gui_scroll -window Wave.1 -hrel -.2
gui_scroll -window Wave.1 -hrel -.2
gui_scroll -window Wave.1 -hrel -.2
gui_scroll -window Wave.1 -hrel -.2
gui_scroll -window Wave.1 -hrel -.2
gui_scroll -window Wave.1 -hrel -.2
gui_scroll -window Wave.1 -hrel -.2
gui_scroll -window Wave.1 -hrel -.2
gui_scroll -window Wave.1 -hrel -.2
gui_scroll -window Wave.1 -hrel -.2
gui_scroll -window Wave.1 -hrel -.2
gui_scroll -window Wave.1 -hrel -.2
gui_scroll -window Wave.1 -hrel -.2
gui_scroll -window Wave.1 -vrel .2
gui_scroll -window Wave.1 -vrel .2
gui_scroll -window Wave.1 -vrel .2
gui_scroll -window Wave.1 -vrel .2
gui_scroll -window Wave.1 -vrel .2
gui_scroll -window Wave.1 -vrel .2
gui_scroll -window Wave.1 -vrel .2
gui_scroll -window Wave.1 -vrel .2
gui_scroll -window Wave.1 -vrel -.2
gui_scroll -window Wave.1 -vrel .2
gui_scroll -window Wave.1 -vrel .2
gui_scroll -window Wave.1 -vrel .2
gui_scroll -window Wave.1 -vrel .2
gui_scroll -window Wave.1 -vrel .2
gui_scroll -window Wave.1 -vrel .2
gui_scroll -window Wave.1 -vrel .2
gui_scroll -window Wave.1 -vrel .2
gui_scroll -window Wave.1 -vrel .2
gui_scroll -window Wave.1 -vrel .2
gui_scroll -window Wave.1 -vrel .2
gui_scroll -window Wave.1 -vrel -.2
gui_scroll -window Wave.1 -vrel -.2
gui_scroll -window Wave.1 -vrel -.2
gui_scroll -window Wave.1 -hrel -.2
gui_scroll -window Wave.1 -hrel -.2
gui_scroll -window Wave.1 -hrel -.2
gui_scroll -window Wave.1 -hrel -.2
gui_scroll -window Wave.1 -hrel .2
gui_scroll -window Wave.1 -hrel .2
gui_scroll -window Wave.1 -hrel -.2
gui_scroll -window Wave.1 -hrel -.2
gui_scroll -window Wave.1 -hrel -.2
gui_scroll -window Wave.1 -hrel -.2
gui_scroll -window Wave.1 -hrel -.2
gui_scroll -window Wave.1 -hrel -.2
gui_scroll -window Wave.1 -hrel -.2
gui_scroll -window Wave.1 -hrel -.2
gui_scroll -window Wave.1 -hrel .2
gui_scroll -window Wave.1 -hrel .2
gui_scroll -window Wave.1 -vrel -.2
gui_scroll -window Wave.1 -vrel -.2
gui_marker_move -id  Wave.1 C1 3008
gui_scroll -window Wave.1 -vrel -.2
gui_scroll -window Wave.1 -vrel -.2
gui_scroll -window Wave.1 -vrel -.2
gui_scroll -window Wave.1 -vrel -.2
gui_scroll -window Wave.1 -vrel -.2
gui_scroll -window Wave.1 -vrel -.2
gui_scroll -window Wave.1 -vrel -.2
gui_scroll -window Wave.1 -vrel -.2
gui_scroll -window Wave.1 -vrel .2
gui_scroll -window Wave.1 -vrel .2
gui_scroll -window Wave.1 -vrel .2
gui_scroll -window Wave.1 -vrel .2
gui_scroll -window Wave.1 -vrel .2
gui_scroll -window Wave.1 -vrel .2
gui_scroll -window Wave.1 -vrel .2
gui_scroll -window Wave.1 -vrel .2
gui_scroll -window Wave.1 -vrel .2
gui_scroll -window Wave.1 -vrel .2
gui_scroll -window Wave.1 -hrel .2
gui_scroll -window Wave.1 -hrel .2
gui_scroll -window Wave.1 -hrel .2
gui_scroll -window Wave.1 -hrel .2
gui_scroll -window Wave.1 -hrel .2
gui_scroll -window Wave.1 -hrel .2
gui_scroll -window Wave.1 -hrel .2
gui_scroll -window Wave.1 -hrel .2
gui_scroll -window Wave.1 -hrel -.2
gui_scroll -window Wave.1 -hrel -.2
gui_scroll -window Wave.1 -hrel -.2
gui_scroll -window Wave.1 -hrel -.2
gui_scroll -window Wave.1 -hrel -.2
gui_scroll -window Wave.1 -hrel .2
gui_scroll -window Wave.1 -hrel .2
gui_scroll -window Wave.1 -hrel .2
gui_scroll -window Wave.1 -hrel .2
gui_scroll -window Wave.1 -hrel .2
gui_scroll -window Wave.1 -hrel .2
gui_scroll -window Wave.1 -hrel .2
gui_scroll -window Wave.1 -hrel -.2
gui_scroll -window Wave.1 -hrel -.2
gui_scroll -window Wave.1 -hrel -.2
gui_scroll -window Wave.1 -hrel -.2
gui_scroll -window Wave.1 -hrel -.2
gui_scroll -window Wave.1 -hrel -.2
gui_scroll -window Wave.1 -hrel -.2
gui_scroll -window Wave.1 -hrel -.2
gui_scroll -window Wave.1 -hrel .2
gui_scroll -window Wave.1 -hrel .2
gui_scroll -window Wave.1 -hrel .2
gui_scroll -window Wave.1 -hrel .2
gui_scroll -window Wave.1 -hrel .2
gui_scroll -window Wave.1 -hrel .2
gui_scroll -window Wave.1 -hrel .2
gui_scroll -window Wave.1 -hrel .2
gui_scroll -window Wave.1 -hrel -.2
gui_scroll -window Wave.1 -hrel -.2
gui_scroll -window Wave.1 -hrel -.2
gui_scroll -window Wave.1 -hrel -.2
gui_scroll -window Wave.1 -hrel -.2
gui_scroll -window Wave.1 -hrel -.2
gui_scroll -window Wave.1 -hrel -.2
gui_scroll -window Wave.1 -vrel .2
gui_scroll -window Wave.1 -vrel -.2
gui_scroll -window Wave.1 -vrel -.2
gui_scroll -window Wave.1 -vrel -.2
gui_scroll -window Wave.1 -vrel -.2
gui_scroll -window Wave.1 -vrel -.2
gui_scroll -window Wave.1 -vrel -.2
gui_scroll -window Wave.1 -vrel -.2
gui_scroll -window Wave.1 -vrel -.2
gui_scroll -window Wave.1 -vrel -.2
gui_scroll -window Wave.1 -hrel .2
gui_scroll -window Wave.1 -hrel .2
gui_scroll -window Wave.1 -hrel .2
gui_scroll -window Wave.1 -vrel -.2
gui_scroll -window Wave.1 -vrel .2
gui_scroll -window Wave.1 -hrel -.2
gui_scroll -window Wave.1 -hrel -.2
gui_scroll -window Wave.1 -hrel -.2
gui_scroll -window Wave.1 -vrel -.2
gui_scroll -window Wave.1 -vrel -.2
gui_scroll -window Wave.1 -vrel -.2
gui_scroll -window Wave.1 -vrel -.2
gui_scroll -window Wave.1 -vrel .2
gui_scroll -window Wave.1 -vrel .2
gui_scroll -window Wave.1 -vrel .2
gui_scroll -window Wave.1 -hrel -.2
gui_scroll -window Wave.1 -hrel -.2
gui_scroll -window Wave.1 -hrel -.2
gui_scroll -window Wave.1 -hrel -.2
gui_scroll -window Wave.1 -hrel -.2
gui_scroll -window Wave.1 -hrel -.2
gui_scroll -window Wave.1 -hrel .2
gui_scroll -window Wave.1 -hrel .2
gui_scroll -window Wave.1 -hrel .2
gui_scroll -window Wave.1 -hrel .2
gui_scroll -window Wave.1 -hrel .2
gui_scroll -window Wave.1 -hrel .2
gui_scroll -window Wave.1 -hrel .2
gui_scroll -window Wave.1 -hrel .2
gui_scroll -window Wave.1 -hrel .2
gui_scroll -window Wave.1 -hrel .2
gui_scroll -window Wave.1 -hrel .2
gui_scroll -window Wave.1 -hrel .2
gui_scroll -window Wave.1 -hrel .2
gui_scroll -window Wave.1 -hrel .2
gui_scroll -window Wave.1 -hrel .2
gui_scroll -window Wave.1 -hrel .2
gui_scroll -window Wave.1 -hrel .2
gui_scroll -window Wave.1 -hrel .2
gui_scroll -window Wave.1 -hrel .2
gui_scroll -window Wave.1 -hrel .2
gui_scroll -window Wave.1 -hrel -.2
gui_scroll -window Wave.1 -hrel -.2
gui_scroll -window Wave.1 -hrel -.2
gui_scroll -window Wave.1 -hrel -.2
gui_scroll -window Wave.1 -hrel -.2
gui_scroll -window Wave.1 -hrel -.2
gui_scroll -window Wave.1 -hrel -.2
gui_scroll -window Wave.1 -hrel -.2
gui_scroll -window Wave.1 -hrel -.2
gui_scroll -window Wave.1 -hrel -.2
gui_scroll -window Wave.1 -hrel -.2
gui_scroll -window Wave.1 -hrel -.2
gui_scroll -window Wave.1 -hrel -.2
gui_scroll -window Wave.1 -vrel .2
gui_scroll -window Wave.1 -vrel .2
gui_scroll -window Wave.1 -hrel .2
gui_scroll -window Wave.1 -hrel .2
gui_scroll -window Wave.1 -vrel .2
gui_scroll -window Wave.1 -hrel -.2
gui_scroll -window Wave.1 -hrel -.2
gui_scroll -window Wave.1 -hrel -.2
gui_scroll -window Wave.1 -hrel -.2
gui_scroll -window Wave.1 -hrel -.2
gui_scroll -window Wave.1 -hrel -.2
gui_scroll -window Wave.1 -hrel -.2
gui_scroll -window Wave.1 -hrel -.2
gui_scroll -window Wave.1 -hrel -.2
gui_scroll -window Wave.1 -hrel -.2
gui_scroll -window Wave.1 -hrel -.2
gui_scroll -window Wave.1 -hrel -.2
gui_scroll -window Wave.1 -hrel .2
gui_scroll -window Wave.1 -hrel .2
gui_scroll -window Wave.1 -hrel .2
gui_scroll -window Wave.1 -hrel .2
gui_scroll -window Wave.1 -hrel .2
gui_scroll -window Wave.1 -hrel .2
gui_scroll -window Wave.1 -hrel .2
gui_scroll -window Wave.1 -hrel .2
gui_scroll -window Wave.1 -hrel .2
gui_scroll -window Wave.1 -hrel .2
gui_scroll -window Wave.1 -hrel .2
gui_scroll -window Wave.1 -hrel .2
gui_scroll -window Wave.1 -hrel -.2
gui_list_select -id Wave.1 -selected  { {TOP.mr_vin[0:0]}   }
gui_marker_move -id  Wave.1 C1 4539
gui_scroll -window Wave.1 -hrel .2
gui_scroll -window Wave.1 -hrel .2
gui_scroll -window Wave.1 -hrel .2
gui_scroll -window Wave.1 -hrel -.2
gui_scroll -window Wave.1 -hrel -.2
gui_scroll -window Wave.1 -hrel -.2
gui_scroll -window Wave.1 -vrel -.2
gui_scroll -window Wave.1 -vrel .2
gui_scroll -window Wave.1 -vrel .2
gui_scroll -window Wave.1 -hrel .2
gui_scroll -window Wave.1 -hrel .2
gui_scroll -window Wave.1 -hrel -.2
gui_scroll -window Wave.1 -hrel -.2
gui_scroll -window Wave.1 -vrel .2
gui_scroll -window Wave.1 -vrel .2
gui_scroll -window Wave.1 -vrel .2
gui_scroll -window Wave.1 -vrel -.2
gui_scroll -window Wave.1 -vrel -.2
gui_scroll -window Wave.1 -vrel .2
gui_scroll -window Wave.1 -vrel .2
gui_scroll -window Wave.1 -vrel .2
gui_scroll -window Wave.1 -vrel .2
gui_scroll -window Wave.1 -vrel .2
gui_scroll -window Wave.1 -vrel .2
gui_scroll -window Wave.1 -vrel .2
gui_scroll -window Wave.1 -vrel .2
gui_scroll -window Wave.1 -vrel .2
gui_scroll -window Wave.1 -vrel .2
gui_scroll -window Wave.1 -vrel .2
gui_scroll -window Wave.1 -vrel .2
gui_scroll -window Wave.1 -vrel .2
gui_scroll -window Wave.1 -vrel .2
gui_scroll -window Wave.1 -hrel .2
gui_scroll -window Wave.1 -hrel .2
gui_scroll -window Wave.1 -hrel .2
gui_scroll -window Wave.1 -hrel -.2
gui_marker_move -id  Wave.1 C1 5008
gui_marker_move -id  Wave.1 C1 5043
gui_marker_move -id  Wave.1 C1 7043
gui_scroll -window Wave.1 -vrel .2
gui_scroll -window Wave.1 -vrel .2
gui_scroll -window Wave.1 -hrel -.2
gui_scroll -window Wave.1 -hrel -.2
gui_scroll -window Wave.1 -hrel -.2
gui_scroll -window Wave.1 -hrel -.2
gui_scroll -window Wave.1 -hrel -.2
gui_scroll -window Wave.1 -hrel -.2
gui_scroll -window Wave.1 -hrel -.2
gui_scroll -window Wave.1 -hrel -.2
gui_scroll -window Wave.1 -hrel -.2
gui_scroll -window Wave.1 -hrel -.2
gui_scroll -window Wave.1 -hrel -.2
gui_scroll -window Wave.1 -hrel -.2
gui_scroll -window Wave.1 -hrel -.2
gui_scroll -window Wave.1 -hrel -.2
gui_scroll -window Wave.1 -hrel .2
gui_scroll -window Wave.1 -hrel .2
gui_scroll -window Wave.1 -hrel .2
gui_scroll -window Wave.1 -hrel .2
gui_scroll -window Wave.1 -hrel .2
gui_scroll -window Wave.1 -hrel .2
gui_scroll -window Wave.1 -hrel .2
gui_scroll -window Wave.1 -hrel .2
gui_scroll -window Wave.1 -hrel .2
gui_scroll -window Wave.1 -hrel .2
gui_scroll -window Wave.1 -hrel .2
gui_scroll -window Wave.1 -hrel .2
gui_scroll -window Wave.1 -hrel -.2
gui_scroll -window Wave.1 -hrel -.2
gui_scroll -window Wave.1 -hrel -.2
gui_scroll -window Wave.1 -hrel -.2
gui_scroll -window Wave.1 -hrel -.2
gui_scroll -window Wave.1 -hrel .2
gui_scroll -window Wave.1 -hrel .2
gui_scroll -window Wave.1 -hrel .2
gui_scroll -window Wave.1 -hrel .2
gui_scroll -window Wave.1 -hrel .2
gui_scroll -window Wave.1 -hrel -.2
gui_scroll -window Wave.1 -hrel -.2
gui_scroll -window Wave.1 -hrel -.2
gui_scroll -window Wave.1 -vrel .2
gui_scroll -window Wave.1 -hrel .2
gui_scroll -window Wave.1 -hrel .2
gui_scroll -window Wave.1 -hrel .2
gui_scroll -window Wave.1 -hrel .2
gui_scroll -window Wave.1 -hrel .2
gui_scroll -window Wave.1 -hrel .2
gui_scroll -window Wave.1 -hrel .2
gui_scroll -window Wave.1 -hrel .2
gui_scroll -window Wave.1 -vrel .2
gui_scroll -window Wave.1 -vrel .2
gui_scroll -window Wave.1 -hrel -.2
gui_scroll -window Wave.1 -hrel -.2
gui_scroll -window Wave.1 -hrel .2
gui_scroll -window Wave.1 -vrel .2
gui_marker_move -id  Wave.1 C1 9077
gui_marker_move -id  Wave.1 C1 9013
gui_scroll -window Wave.1 -vrel .2
gui_scroll -window Wave.1 -vrel .2
gui_scroll -window Wave.1 -vrel .2
gui_scroll -window Wave.1 -vrel .2
gui_scroll -window Wave.1 -vrel .2
gui_scroll -window Wave.1 -vrel .2
gui_scroll -window Wave.1 -vrel .2
gui_scroll -window Wave.1 -vrel .2
gui_scroll -window Wave.1 -vrel .2
gui_scroll -window Wave.1 -vrel .2
gui_scroll -window Wave.1 -vrel .2
gui_scroll -window Wave.1 -vrel .2
gui_scroll -window Wave.1 -vrel .2
gui_scroll -window Wave.1 -vrel .2
gui_scroll -window Wave.1 -vrel .2
gui_marker_move -id  Wave.1 C1 7008
gui_scroll -window Wave.1 -vrel -.2
gui_scroll -window Wave.1 -vrel -.2
gui_scroll -window Wave.1 -vrel -.2
gui_scroll -window Wave.1 -vrel -.2
gui_scroll -window Wave.1 -vrel -.2
gui_scroll -window Wave.1 -vrel -.2
gui_scroll -window Wave.1 -vrel -.2
gui_scroll -window Wave.1 -hrel .2
gui_scroll -window Wave.1 -hrel -.2
gui_scroll -window Wave.1 -vrel -.2
gui_scroll -window Wave.1 -vrel -.2
gui_scroll -window Wave.1 -vrel -.2
gui_scroll -window Wave.1 -vrel -.2
gui_scroll -window Wave.1 -hrel -.2
gui_scroll -window Wave.1 -hrel -.2
gui_scroll -window Wave.1 -hrel -.2
gui_scroll -window Wave.1 -hrel -.2
gui_scroll -window Wave.1 -hrel -.2
gui_scroll -window Wave.1 -hrel -.2
gui_scroll -window Wave.1 -hrel -.2
gui_scroll -window Wave.1 -hrel .2
gui_scroll -window Wave.1 -hrel .2
gui_scroll -window Wave.1 -hrel .2
gui_scroll -window Wave.1 -hrel .2
gui_scroll -window Wave.1 -vrel .2
gui_scroll -window Wave.1 -vrel .2
gui_scroll -window Wave.1 -vrel .2
gui_scroll -window Wave.1 -vrel .2
gui_scroll -window Wave.1 -hrel .2
gui_scroll -window Wave.1 -vrel -.2
gui_scroll -window Wave.1 -vrel -.2
gui_scroll -window Wave.1 -vrel -.2
gui_scroll -window Wave.1 -vrel -.2
gui_scroll -window Wave.1 -hrel .2
gui_scroll -window Wave.1 -hrel .2
gui_scroll -window Wave.1 -vrel -.2
gui_scroll -window Wave.1 -vrel -.2
gui_scroll -window Wave.1 -hrel -.2
gui_scroll -window Wave.1 -hrel -.2
gui_scroll -window Wave.1 -hrel -.2
gui_scroll -window Wave.1 -vrel -.2
gui_scroll -window Wave.1 -hrel .2
gui_scroll -window Wave.1 -vrel .2
gui_scroll -window Wave.1 -vrel .2
gui_scroll -window Wave.1 -vrel .2
gui_scroll -window Wave.1 -vrel .2
gui_scroll -window Wave.1 -vrel .2
gui_scroll -window Wave.1 -vrel .2
gui_scroll -window Wave.1 -vrel .2
gui_scroll -window Wave.1 -vrel .2
gui_scroll -window Wave.1 -vrel .2
gui_scroll -window Wave.1 -vrel .2
gui_scroll -window Wave.1 -vrel -.2
gui_scroll -window Wave.1 -vrel -.2
gui_scroll -window Wave.1 -vrel -.2
gui_scroll -window Wave.1 -vrel -.2
gui_scroll -window Wave.1 -vrel -.2
gui_scroll -window Wave.1 -vrel -.2
gui_scroll -window Wave.1 -vrel -.2
gui_scroll -window Wave.1 -vrel -.2
gui_scroll -window Wave.1 -vrel -.2
gui_scroll -window Wave.1 -vrel -.2
gui_scroll -window Wave.1 -vrel -.2
gui_scroll -window Wave.1 -vrel -.2
gui_scroll -window Wave.1 -vrel -.2
gui_scroll -window Wave.1 -vrel -.2
gui_scroll -window Wave.1 -vrel -.2
gui_scroll -window Wave.1 -vrel .2
gui_scroll -window Wave.1 -vrel .2
gui_scroll -window Wave.1 -vrel -.2
gui_scroll -window Wave.1 -vrel -.2
gui_scroll -window Wave.1 -vrel -.2
gui_scroll -window Wave.1 -vrel -.2
gui_scroll -window Wave.1 -vrel -.2
gui_scroll -window Wave.1 -vrel -.2
gui_scroll -window Wave.1 -vrel -.2
gui_scroll -window Wave.1 -vrel -.2
gui_scroll -window Wave.1 -vrel -.2
gui_scroll -window Wave.1 -vrel .2
gui_scroll -window Wave.1 -vrel .2
gui_scroll -window Wave.1 -vrel .2
gui_scroll -window Wave.1 -vrel .2
gui_list_select -id Wave.1 -selected  { {TOP.v_mr_re[0:0]}   }
gui_list_select -id Wave.1 -selected  { {TOP.ex_vin[0:0]}   }
gui_list_select -id Wave.1 -selected  { {TOP.write_finished[0:0]}   }
gui_list_select -id Wave.1 -selected  { {TOP.ex_vin[0:0]}   }
gui_list_select -id Wave.1 -selected  { {TOP.v_mr_re[0:0]}   }
gui_list_select -id Wave.1 -selected  { {TOP.ld_ex[0:0]}   }
gui_list_select -id Wave.1 -selected  { {TOP.v_mr_re[0:0]}   }
gui_list_select -id Wave.1 -selected  { {TOP.ex_vin[0:0]}   }
gui_list_select -id Wave.1 -selected  { {TOP.write_finished[0:0]}   }
gui_list_select -id Wave.1 -selected  { {TOP.read_finished[0:0]}   }
gui_list_select -id Wave.1 -selected  { {TOP.mr_rmsel[0:0]}   }
gui_list_select -id Wave.1 -selected  { {TOP.mr_v[0:0]}   }
gui_list_select -id Wave.1 -selected  { {TOP.mr_rmsel[0:0]}   }
gui_list_select -id Wave.1 -selected  { {TOP.read_finished[0:0]}   }
gui_list_select -id Wave.1 -selected  { {TOP.write_finished[0:0]}   }
gui_list_select -id Wave.1 -selected  { {TOP.ex_vin[0:0]}   }
gui_list_select -id Wave.1 -selected  { {TOP.write_finished[0:0]}   }
gui_list_select -id Wave.1 -selected  { {TOP.read_finished[0:0]}   }
gui_list_select -id Wave.1 -selected  { {TOP.mr_rmsel[0:0]}   }
gui_list_select -id Wave.1 -selected  { {TOP.mr_v[0:0]}   }
gui_list_select -id Wave.1 -selected  { {TOP.mr_we[0:0]}   }
gui_list_select -id Wave.1 -selected  { {TOP.mr_re[0:0]}   }
gui_list_select -id Wave.1 -selected  { {TOP.mr_we[0:0]}   }
gui_list_select -id Wave.1 -selected  { {TOP.mr_v[0:0]}   }
gui_list_select -id Wave.1 -selected  { {TOP.mr_rmsel[0:0]}   }
gui_list_select -id Wave.1 -selected  { {TOP.read_finished[0:0]}   }
gui_list_select -id Wave.1 -selected  { {TOP.mr_rmsel[0:0]}   }
gui_list_select -id Wave.1 -selected  { {TOP.mr_v[0:0]}   }
gui_list_select -id Wave.1 -selected  { {TOP.mr_we[0:0]}   }
gui_list_select -id Wave.1 -selected  { {TOP.mr_re[0:0]}   }
gui_list_select -id Wave.1 -selected  { {TOP.ag_jmp[2:0]}   }
gui_list_select -id Wave.1 -selected  { {TOP.ag_modrm[7:0]}   }
gui_list_select -id Wave.1 -selected  { {TOP.ag_ptr[15:0]}   }
gui_list_select -id Wave.1 -selected  { {TOP.ag_modrm[7:0]}   }
gui_list_select -id Wave.1 -selected  { {TOP.ag_jmp[2:0]}   }
gui_list_select -id Wave.1 -selected  { {TOP.mr_re[0:0]}   }
gui_list_select -id Wave.1 -selected  { {TOP.mr_we[0:0]}   }
gui_list_select -id Wave.1 -selected  { {TOP.mr_re[0:0]}   }
gui_list_select -id Wave.1 -selected  { {TOP.mr_we[0:0]}   }
gui_list_select -id Wave.1 -selected  { {TOP.mr_v[0:0]}   }
gui_list_select -id Wave.1 -selected  { {TOP.mr_rmsel[0:0]}   }
gui_list_select -id Wave.1 -selected  { {TOP.read_finished[0:0]}   }
gui_list_select -id Wave.1 -selected  { {TOP.write_finished[0:0]}   }
gui_list_select -id Wave.1 -selected  { {TOP.ex_vin[0:0]}   }
gui_list_select -id Wave.1 -selected  { {TOP.v_mr_re[0:0]}   }
gui_marker_move -id  Wave.1 C1 7043
gui_scroll -window Wave.1 -vrel .2
gui_scroll -window Wave.1 -vrel .2
gui_scroll -window Wave.1 -vrel .2
gui_scroll -window Wave.1 -vrel .2
gui_scroll -window Wave.1 -vrel .2
gui_scroll -window Wave.1 -vrel .2
gui_scroll -window Wave.1 -vrel .2
gui_scroll -window Wave.1 -vrel .2
gui_scroll -window Wave.1 -vrel .2
gui_scroll -window Wave.1 -vrel .2
gui_list_select -id Wave.1 -selected  { {TOP.ex_dvalin[31:0]}   }
gui_list_select -id Wave.1 -selected  { {TOP.mem_val[31:0]}   }
gui_list_select -id Wave.1 -selected  { {TOP.ex_dvalin[31:0]}   }
gui_list_select -id Wave.1 -selected  { {TOP.ex_svalin[31:0]}   }
gui_marker_move -id  Wave.1 C1 6741
gui_marker_move -id  Wave.1 C1 7281
gui_scroll -window Wave.1 -vrel .2
gui_scroll -window Wave.1 -vrel .2
gui_scroll -window Wave.1 -vrel .2
gui_scroll -window Wave.1 -vrel .2
gui_scroll -window Wave.1 -vrel .2
gui_scroll -window Wave.1 -vrel .2
gui_scroll -window Wave.1 -vrel .2
gui_scroll -window Wave.1 -vrel .2
gui_scroll -window Wave.1 -vrel .2
gui_scroll -window Wave.1 -vrel .2
gui_marker_move -id  Wave.1 C1 7008
gui_scroll -window Wave.1 -vrel .2
gui_scroll -window Wave.1 -vrel .2
gui_scroll -window Wave.1 -vrel .2
gui_scroll -window Wave.1 -vrel .2
gui_scroll -window Wave.1 -vrel .2
gui_scroll -window Wave.1 -vrel .2
gui_scroll -window Wave.1 -vrel -.2
gui_scroll -window Wave.1 -vrel -.2
gui_scroll -window Wave.1 -vrel .2
gui_scroll -window Wave.1 -vrel .2
gui_scroll -window Wave.1 -vrel .2
gui_scroll -window Wave.1 -vrel .2
gui_scroll -window Wave.1 -vrel .2
gui_scroll -window Wave.1 -vrel .2
gui_scroll -window Wave.1 -vrel .2
gui_scroll -window Wave.1 -vrel .2
gui_scroll -window Wave.1 -vrel -.2
gui_scroll -window Wave.1 -vrel -.2
gui_scroll -window Wave.1 -vrel -.2
gui_scroll -window Wave.1 -vrel -.2
gui_scroll -window Wave.1 -vrel -.2
gui_scroll -window Wave.1 -vrel -.2
gui_scroll -window Wave.1 -vrel -.2
gui_scroll -window Wave.1 -vrel -.2
gui_scroll -window Wave.1 -vrel -.2
gui_scroll -window Wave.1 -vrel -.2
gui_scroll -window Wave.1 -vrel -.2
gui_scroll -window Wave.1 -vrel -.2
gui_scroll -window Wave.1 -vrel -.2
gui_scroll -window Wave.1 -vrel -.2
gui_scroll -window Wave.1 -vrel -.2
gui_scroll -window Wave.1 -vrel -.2
gui_scroll -window Wave.1 -vrel -.2
gui_scroll -window Wave.1 -vrel -.2
gui_scroll -window Wave.1 -vrel -.2
gui_scroll -window Wave.1 -vrel -.2
gui_scroll -window Wave.1 -vrel -.2
gui_scroll -window Wave.1 -vrel -.2
gui_scroll -window Wave.1 -vrel -.2
gui_scroll -window Wave.1 -vrel -.2
gui_scroll -window Wave.1 -vrel -.2
gui_scroll -window Wave.1 -vrel -.2
gui_scroll -window Wave.1 -vrel -.2
gui_scroll -window Wave.1 -vrel -.2
gui_scroll -window Wave.1 -vrel -.2
gui_scroll -window Wave.1 -vrel -.2
gui_scroll -window Wave.1 -vrel -.2
gui_scroll -window Wave.1 -vrel -.2
gui_scroll -window Wave.1 -vrel -.2
gui_scroll -window Wave.1 -vrel -.2
gui_scroll -window Wave.1 -vrel -.2
gui_scroll -window Wave.1 -vrel -.2
gui_scroll -window Wave.1 -vrel -.2
gui_scroll -window Wave.1 -vrel -.2
gui_scroll -window Wave.1 -vrel -.2
gui_scroll -window Wave.1 -vrel -.2
gui_scroll -window Wave.1 -vrel -.2
gui_scroll -window Wave.1 -vrel -.2
gui_scroll -window Wave.1 -vrel -.2
gui_scroll -window Wave.1 -vrel -.2
gui_scroll -window Wave.1 -vrel -.2
gui_scroll -window Wave.1 -vrel -.2
gui_scroll -window Wave.1 -vrel -.2
gui_scroll -window Wave.1 -vrel -.2
gui_scroll -window Wave.1 -vrel -.2
gui_scroll -window Wave.1 -vrel -.2
gui_scroll -window Wave.1 -vrel -.2
gui_scroll -window Wave.1 -vrel -.2
gui_scroll -window Wave.1 -vrel -.2
gui_scroll -window Wave.1 -vrel -.2
gui_scroll -window Wave.1 -vrel -.2
gui_scroll -window Wave.1 -vrel -.2
gui_scroll -window Wave.1 -vrel .2
gui_scroll -window Wave.1 -vrel -.2
gui_scroll -window Wave.1 -vrel -.2
gui_scroll -window Wave.1 -vrel .2
gui_scroll -window Wave.1 -vrel .2
gui_scroll -window Wave.1 -vrel .2
gui_scroll -window Wave.1 -vrel -.2
gui_scroll -window Wave.1 -vrel -.2
gui_scroll -window Wave.1 -vrel -.2
gui_scroll -window Wave.1 -vrel -.2
gui_scroll -window Wave.1 -vrel -.2
gui_scroll -window Wave.1 -vrel -.2
gui_scroll -window Wave.1 -vrel -.2
gui_scroll -window Wave.1 -vrel -.2
gui_scroll -window Wave.1 -vrel -.2
gui_scroll -window Wave.1 -vrel -.2
gui_scroll -window Wave.1 -vrel -.2
gui_scroll -window Wave.1 -vrel -.2
gui_scroll -window Wave.1 -vrel -.2
gui_scroll -window Wave.1 -hrel .2
gui_scroll -window Wave.1 -hrel -.2
gui_scroll -window Wave.1 -hrel .2
gui_scroll -window Wave.1 -hrel .2
gui_scroll -window Wave.1 -hrel .2
gui_scroll -window Wave.1 -hrel .2
gui_scroll -window Wave.1 -hrel .2
gui_scroll -window Wave.1 -hrel .2
gui_scroll -window Wave.1 -vrel .2
gui_scroll -window Wave.1 -vrel .2
gui_scroll -window Wave.1 -vrel .2
gui_scroll -window Wave.1 -vrel -.2
gui_scroll -window Wave.1 -vrel -.2
gui_scroll -window Wave.1 -vrel -.2
gui_scroll -window Wave.1 -vrel -.2
gui_scroll -window Wave.1 -hrel .2
gui_scroll -window Wave.1 -hrel .2
gui_scroll -window Wave.1 -hrel .2
gui_scroll -window Wave.1 -hrel .2
gui_scroll -window Wave.1 -hrel -.2
gui_scroll -window Wave.1 -hrel -.2
gui_scroll -window Wave.1 -hrel -.2
gui_scroll -window Wave.1 -hrel -.2
gui_scroll -window Wave.1 -hrel -.2
gui_scroll -window Wave.1 -hrel -.2
gui_scroll -window Wave.1 -hrel -.2
gui_scroll -window Wave.1 -hrel -.2
gui_scroll -window Wave.1 -hrel -.2
gui_scroll -window Wave.1 -hrel -.2
gui_scroll -window Wave.1 -hrel -.2
gui_scroll -window Wave.1 -hrel .2
gui_scroll -window Wave.1 -hrel .2
gui_scroll -window Wave.1 -hrel .2
gui_scroll -window Wave.1 -hrel .2
gui_scroll -window Wave.1 -hrel .2
gui_scroll -window Wave.1 -hrel .2
gui_scroll -window Wave.1 -hrel .2
gui_scroll -window Wave.1 -hrel .2
gui_scroll -window Wave.1 -hrel .2
gui_scroll -window Wave.1 -hrel .2
gui_scroll -window Wave.1 -hrel .2
gui_marker_move -id  Wave.1 C1 11008
gui_scroll -window Wave.1 -vrel .2
gui_scroll -window Wave.1 -vrel .2
gui_scroll -window Wave.1 -vrel .2
gui_scroll -window Wave.1 -vrel .2
gui_scroll -window Wave.1 -vrel .2
gui_scroll -window Wave.1 -vrel .2
gui_scroll -window Wave.1 -vrel .2
gui_scroll -window Wave.1 -vrel .2
gui_scroll -window Wave.1 -vrel .2
gui_scroll -window Wave.1 -vrel .2
gui_scroll -window Wave.1 -vrel .2
gui_scroll -window Wave.1 -vrel .2
gui_scroll -window Wave.1 -vrel .2
gui_scroll -window Wave.1 -vrel .2
gui_scroll -window Wave.1 -vrel .2
gui_scroll -window Wave.1 -vrel .2
gui_scroll -window Wave.1 -vrel .2
gui_scroll -window Wave.1 -vrel .2
gui_scroll -window Wave.1 -vrel .2
gui_scroll -window Wave.1 -vrel .2
gui_scroll -window Wave.1 -vrel .2
gui_scroll -window Wave.1 -vrel .2
gui_scroll -window Wave.1 -vrel .2
gui_scroll -window Wave.1 -vrel .2
gui_scroll -window Wave.1 -vrel .2
gui_scroll -window Wave.1 -vrel .2
gui_scroll -window Wave.1 -vrel .2
gui_scroll -window Wave.1 -vrel .2
gui_scroll -window Wave.1 -vrel .2
gui_scroll -window Wave.1 -vrel .2
gui_scroll -window Wave.1 -vrel .2
gui_scroll -window Wave.1 -vrel .2
gui_set_time_units 1ns
gui_scroll -window Wave.1 -vrel .2
gui_scroll -window Wave.1 -vrel .2
gui_scroll -window Wave.1 -vrel .2
gui_scroll -window Wave.1 -vrel .2
gui_scroll -window Wave.1 -vrel .2
gui_scroll -window Wave.1 -vrel .2
gui_scroll -window Wave.1 -vrel .2
gui_scroll -window Wave.1 -vrel .2
gui_scroll -window Wave.1 -vrel .2
gui_scroll -window Wave.1 -vrel .2
gui_scroll -window Wave.1 -vrel .2
gui_scroll -window Wave.1 -vrel .2
gui_scroll -window Wave.1 -vrel .2
gui_scroll -window Wave.1 -vrel .2
gui_scroll -window Wave.1 -vrel .2
gui_scroll -window Wave.1 -vrel .2
gui_scroll -window Wave.1 -vrel .2
gui_scroll -window Wave.1 -vrel .2
gui_scroll -window Wave.1 -vrel .2
gui_scroll -window Wave.1 -vrel .2
gui_scroll -window Wave.1 -vrel .2
gui_scroll -window Wave.1 -vrel .2
gui_scroll -window Wave.1 -vrel .2
gui_scroll -window Wave.1 -vrel .2
gui_scroll -window Wave.1 -vrel .2
gui_scroll -window Wave.1 -vrel .2
gui_scroll -window Wave.1 -vrel .2
gui_scroll -window Wave.1 -vrel .2
gui_scroll -window Wave.1 -vrel .2
gui_scroll -window Wave.1 -vrel .2
gui_scroll -window Wave.1 -vrel .2
gui_scroll -window Wave.1 -vrel .2
gui_scroll -window Wave.1 -vrel .2
gui_scroll -window Wave.1 -vrel .2
gui_scroll -window Wave.1 -vrel .2
gui_scroll -window Wave.1 -vrel .2
gui_scroll -window Wave.1 -hrel -.2
gui_scroll -window Wave.1 -hrel -.2
gui_scroll -window Wave.1 -hrel .2
gui_scroll -window Wave.1 -hrel .2
gui_scroll -window Wave.1 -vrel .2
gui_scroll -window Wave.1 -vrel .2
gui_scroll -window Wave.1 -vrel .2
gui_scroll -window Wave.1 -vrel .2
gui_scroll -window Wave.1 -hrel -.2
gui_scroll -window Wave.1 -hrel -.2
gui_scroll -window Wave.1 -hrel .2
gui_scroll -window Wave.1 -vrel .2
gui_scroll -window Wave.1 -vrel .2
gui_scroll -window Wave.1 -vrel .2
gui_scroll -window Wave.1 -vrel .2
gui_scroll -window Wave.1 -vrel .2
gui_scroll -window Wave.1 -vrel .2
gui_scroll -window Wave.1 -vrel -.2
gui_scroll -window Wave.1 -vrel -.2
gui_scroll -window Wave.1 -vrel -.2
gui_scroll -window Wave.1 -vrel -.2
gui_scroll -window Wave.1 -vrel -.2
gui_scroll -window Wave.1 -vrel -.2
gui_scroll -window Wave.1 -vrel -.2
gui_scroll -window Wave.1 -vrel -.2
gui_scroll -window Wave.1 -vrel -.2
gui_scroll -window Wave.1 -vrel -.2
gui_scroll -window Wave.1 -vrel -.2
gui_scroll -window Wave.1 -vrel -.2
gui_scroll -window Wave.1 -vrel -.2
gui_scroll -window Wave.1 -vrel -.2
gui_scroll -window Wave.1 -vrel -.2
gui_scroll -window Wave.1 -vrel -.2
gui_scroll -window Wave.1 -vrel -.2
gui_scroll -window Wave.1 -vrel -.2
gui_scroll -window Wave.1 -vrel -.2
gui_scroll -window Wave.1 -vrel -.2
gui_scroll -window Wave.1 -vrel -.2
gui_scroll -window Wave.1 -vrel -.2
gui_scroll -window Wave.1 -vrel -.2
gui_scroll -window Wave.1 -vrel -.2
gui_scroll -window Wave.1 -vrel -.2
gui_scroll -window Wave.1 -vrel -.2
gui_scroll -window Wave.1 -vrel -.2
gui_scroll -window Wave.1 -vrel -.2
gui_scroll -window Wave.1 -vrel -.2
gui_scroll -window Wave.1 -vrel -.2
gui_scroll -window Wave.1 -vrel -.2
gui_scroll -window Wave.1 -vrel -.2
gui_scroll -window Wave.1 -vrel -.2
gui_scroll -window Wave.1 -vrel -.2
gui_scroll -window Wave.1 -vrel -.2
gui_scroll -window Wave.1 -vrel -.2
gui_scroll -window Wave.1 -vrel -.2
gui_scroll -window Wave.1 -vrel -.2
gui_scroll -window Wave.1 -vrel -.2
gui_scroll -window Wave.1 -vrel -.2
gui_scroll -window Wave.1 -vrel -.2
gui_scroll -window Wave.1 -vrel -.2
gui_scroll -window Wave.1 -vrel -.2
gui_scroll -window Wave.1 -vrel -.2
gui_scroll -window Wave.1 -vrel -.2
gui_scroll -window Wave.1 -vrel -.2
gui_scroll -window Wave.1 -vrel -.2
gui_scroll -window Wave.1 -vrel -.2
gui_scroll -window Wave.1 -vrel .2
gui_scroll -window Wave.1 -vrel .2
gui_scroll -window Wave.1 -vrel .2
gui_scroll -window Wave.1 -vrel .2
gui_scroll -window Wave.1 -vrel .2
gui_scroll -window Wave.1 -vrel .2
gui_scroll -window Wave.1 -vrel .2
gui_scroll -window Wave.1 -vrel .2
gui_scroll -window Wave.1 -vrel .2
gui_scroll -window Wave.1 -vrel .2
gui_scroll -window Wave.1 -vrel .2
gui_scroll -window Wave.1 -vrel .2
gui_scroll -window Wave.1 -vrel .2
gui_scroll -window Wave.1 -vrel .2
gui_scroll -window Wave.1 -vrel .2
gui_scroll -window Wave.1 -vrel .2
gui_scroll -window Wave.1 -vrel .2
gui_scroll -window Wave.1 -vrel .2
gui_scroll -window Wave.1 -vrel .2
gui_scroll -window Wave.1 -vrel .2
gui_scroll -window Wave.1 -vrel .2
gui_scroll -window Wave.1 -vrel .2
gui_scroll -window Wave.1 -vrel .2
gui_scroll -window Wave.1 -vrel .2
gui_scroll -window Wave.1 -vrel .2
gui_scroll -window Wave.1 -vrel .2
gui_scroll -window Wave.1 -vrel .2
gui_scroll -window Wave.1 -vrel .2
gui_scroll -window Wave.1 -vrel .2
gui_scroll -window Wave.1 -vrel .2
gui_scroll -window Wave.1 -vrel .2
gui_scroll -window Wave.1 -vrel .2
gui_scroll -window Wave.1 -vrel .2
gui_scroll -window Wave.1 -vrel .2
gui_scroll -window Wave.1 -vrel .2
gui_scroll -window Wave.1 -vrel .2
gui_scroll -window Wave.1 -vrel .2
gui_scroll -window Wave.1 -vrel -.2
gui_scroll -window Wave.1 -vrel -.2
gui_scroll -window Wave.1 -vrel -.2
gui_scroll -window Wave.1 -vrel -.2
gui_scroll -window Wave.1 -vrel -.2
gui_scroll -window Wave.1 -vrel -.2
gui_scroll -window Wave.1 -vrel -.2
gui_scroll -window Wave.1 -vrel -.2
gui_scroll -window Wave.1 -vrel -.2
gui_scroll -window Wave.1 -vrel -.2
gui_scroll -window Wave.1 -vrel -.2
gui_scroll -window Wave.1 -vrel -.2
gui_scroll -window Wave.1 -vrel -.2
gui_scroll -window Wave.1 -vrel -.2
gui_scroll -window Wave.1 -vrel -.2
gui_scroll -window Wave.1 -vrel -.2
gui_scroll -window Wave.1 -vrel -.2
gui_scroll -window Wave.1 -vrel -.2
gui_scroll -window Wave.1 -vrel -.2
gui_scroll -window Wave.1 -vrel -.2
gui_scroll -window Wave.1 -vrel -.2
gui_scroll -window Wave.1 -vrel -.2
gui_scroll -window Wave.1 -vrel -.2
gui_scroll -window Wave.1 -vrel -.2
gui_scroll -window Wave.1 -vrel -.2
gui_scroll -window Wave.1 -vrel -.2
gui_scroll -window Wave.1 -vrel -.2
gui_scroll -window Wave.1 -vrel -.2
gui_scroll -window Wave.1 -vrel -.2
gui_scroll -window Wave.1 -vrel -.2
gui_scroll -window Wave.1 -vrel -.2
gui_scroll -window Wave.1 -vrel -.2
gui_scroll -window Wave.1 -vrel .2
gui_scroll -window Wave.1 -vrel .2
gui_scroll -window Wave.1 -vrel .2
gui_scroll -window Wave.1 -vrel .2
gui_scroll -window Wave.1 -vrel .2
gui_scroll -window Wave.1 -vrel .2
gui_scroll -window Wave.1 -vrel .2
gui_scroll -window Wave.1 -vrel .2
gui_scroll -window Wave.1 -vrel .2
gui_scroll -window Wave.1 -vrel .2
gui_scroll -window Wave.1 -vrel .2
gui_scroll -window Wave.1 -vrel .2
gui_scroll -window Wave.1 -vrel .2
gui_scroll -window Wave.1 -vrel .2
gui_scroll -window Wave.1 -vrel .2
gui_scroll -window Wave.1 -vrel .2
gui_scroll -window Wave.1 -vrel .2
gui_scroll -window Wave.1 -vrel .2
gui_scroll -window Wave.1 -vrel .2
gui_scroll -window Wave.1 -vrel .2
gui_scroll -window Wave.1 -vrel .2
gui_scroll -window Wave.1 -vrel .2
gui_scroll -window Wave.1 -vrel .2
gui_scroll -window Wave.1 -vrel .2
gui_scroll -window Wave.1 -vrel .2
gui_scroll -window Wave.1 -vrel .2
gui_scroll -window Wave.1 -vrel .2
gui_scroll -window Wave.1 -vrel .2
gui_scroll -window Wave.1 -vrel .2
gui_scroll -window Wave.1 -vrel .2
gui_scroll -window Wave.1 -vrel .2
gui_scroll -window Wave.1 -vrel .2
gui_scroll -window Wave.1 -vrel .2
gui_scroll -window Wave.1 -vrel .2
gui_scroll -window Wave.1 -vrel .2
gui_scroll -window Wave.1 -vrel .2
gui_scroll -window Wave.1 -vrel .2
gui_scroll -window Wave.1 -vrel .2
gui_scroll -window Wave.1 -vrel .2
gui_scroll -window Wave.1 -vrel .2
gui_scroll -window Wave.1 -vrel .2
gui_scroll -window Wave.1 -vrel .2
gui_scroll -window Wave.1 -vrel .2
gui_scroll -window Wave.1 -vrel .2
gui_scroll -window Wave.1 -vrel .2
gui_scroll -window Wave.1 -vrel .2
gui_scroll -window Wave.1 -vrel .2
gui_scroll -window Wave.1 -vrel .2
gui_scroll -window Wave.1 -vrel -.2
gui_scroll -window Wave.1 -vrel -.2
gui_scroll -window Wave.1 -vrel -.2
gui_scroll -window Wave.1 -vrel -.2
gui_scroll -window Wave.1 -vrel -.2
gui_scroll -window Wave.1 -vrel -.2
gui_scroll -window Wave.1 -vrel -.2
gui_scroll -window Wave.1 -vrel -.2
gui_scroll -window Wave.1 -vrel -.2
gui_scroll -window Wave.1 -vrel -.2
gui_scroll -window Wave.1 -vrel -.2
gui_scroll -window Wave.1 -vrel -.2
gui_scroll -window Wave.1 -vrel -.2
gui_scroll -window Wave.1 -vrel -.2
gui_scroll -window Wave.1 -vrel -.2
gui_scroll -window Wave.1 -vrel -.2
gui_scroll -window Wave.1 -vrel -.2
gui_scroll -window Wave.1 -vrel -.2
gui_scroll -window Wave.1 -vrel -.2
gui_scroll -window Wave.1 -vrel -.2
gui_scroll -window Wave.1 -vrel -.2
gui_scroll -window Wave.1 -vrel -.2
gui_scroll -window Wave.1 -vrel -.2
gui_scroll -window Wave.1 -vrel -.2
gui_scroll -window Wave.1 -vrel -.2
gui_scroll -window Wave.1 -vrel -.2
gui_scroll -window Wave.1 -vrel -.2
gui_scroll -window Wave.1 -vrel -.2
gui_scroll -window Wave.1 -vrel -.2
gui_scroll -window Wave.1 -vrel -.2
gui_scroll -window Wave.1 -vrel -.2
gui_scroll -window Wave.1 -vrel -.2
gui_scroll -window Wave.1 -vrel -.2
gui_scroll -window Wave.1 -vrel -.2
gui_scroll -window Wave.1 -vrel -.2
gui_scroll -window Wave.1 -vrel -.2
gui_scroll -window Wave.1 -vrel -.2
gui_scroll -window Wave.1 -vrel -.2
gui_scroll -window Wave.1 -vrel -.2
gui_scroll -window Wave.1 -vrel -.2
gui_scroll -window Wave.1 -vrel -.2
gui_scroll -window Wave.1 -vrel -.2
gui_scroll -window Wave.1 -vrel -.2
gui_scroll -window Wave.1 -vrel -.2
gui_scroll -window Wave.1 -vrel -.2
gui_scroll -window Wave.1 -vrel -.2
gui_scroll -window Wave.1 -vrel -.2
gui_scroll -window Wave.1 -vrel -.2
gui_scroll -window Wave.1 -vrel -.2
gui_scroll -window Wave.1 -vrel -.2
gui_scroll -window Wave.1 -vrel -.2
gui_scroll -window Wave.1 -vrel -.2
gui_scroll -window Wave.1 -vrel -.2
gui_scroll -window Wave.1 -vrel -.2
gui_scroll -window Wave.1 -vrel -.2
gui_scroll -window Wave.1 -vrel -.2
gui_scroll -window Wave.1 -vrel -.2
gui_scroll -window Wave.1 -vrel -.2
gui_scroll -window Wave.1 -vrel -.2
gui_scroll -window Wave.1 -vrel -.2
gui_scroll -window Wave.1 -vrel -.2
gui_scroll -window Wave.1 -vrel -.2
gui_scroll -window Wave.1 -vrel -.2
gui_scroll -window Wave.1 -vrel -.2
gui_scroll -window Wave.1 -vrel -.2
gui_scroll -window Wave.1 -vrel -.2
gui_scroll -window Wave.1 -vrel -.2
gui_scroll -window Wave.1 -vrel -.2
gui_scroll -window Wave.1 -vrel -.2
gui_scroll -window Wave.1 -vrel -.2
gui_scroll -window Wave.1 -vrel -.2
gui_scroll -window Wave.1 -vrel -.2
gui_scroll -window Wave.1 -vrel -.2
gui_scroll -window Wave.1 -vrel -.2
gui_scroll -window Wave.1 -vrel -.2
gui_scroll -window Wave.1 -vrel -.2
gui_scroll -window Wave.1 -vrel -.2
gui_scroll -window Wave.1 -vrel -.2
gui_scroll -window Wave.1 -vrel -.2
gui_scroll -window Wave.1 -vrel -.2
gui_scroll -window Wave.1 -hrel -.2
gui_scroll -window Wave.1 -hrel -.2
gui_scroll -window Wave.1 -hrel -.2
gui_scroll -window Wave.1 -hrel -.2
gui_scroll -window Wave.1 -hrel -.2
gui_scroll -window Wave.1 -hrel -.2
gui_scroll -window Wave.1 -hrel -.2
gui_scroll -window Wave.1 -hrel -.2
gui_scroll -window Wave.1 -hrel -.2
gui_scroll -window Wave.1 -hrel -.2
gui_scroll -window Wave.1 -hrel -.2
gui_scroll -window Wave.1 -hrel -.2
gui_scroll -window Wave.1 -hrel -.2
gui_scroll -window Wave.1 -hrel -.2
gui_scroll -window Wave.1 -hrel -.2
gui_scroll -window Wave.1 -hrel -.2
gui_scroll -window Wave.1 -hrel -.2
gui_scroll -window Wave.1 -hrel -.2
gui_scroll -window Wave.1 -hrel -.2
gui_scroll -window Wave.1 -hrel -.2
gui_scroll -window Wave.1 -hrel -.2
gui_scroll -window Wave.1 -hrel -.2
gui_scroll -window Wave.1 -hrel -.2
gui_scroll -window Wave.1 -hrel -.2
gui_scroll -window Wave.1 -hrel -.2
gui_scroll -window Wave.1 -hrel -.2
gui_scroll -window Wave.1 -hrel -.2
gui_scroll -window Wave.1 -hrel .2
gui_scroll -window Wave.1 -hrel .2
gui_scroll -window Wave.1 -hrel .2
gui_scroll -window Wave.1 -hrel .2
gui_scroll -window Wave.1 -hrel .2
gui_scroll -window Wave.1 -hrel .2
gui_scroll -window Wave.1 -hrel .2
gui_scroll -window Wave.1 -hrel .2
gui_scroll -window Wave.1 -hrel .2
gui_scroll -window Wave.1 -hrel .2
gui_scroll -window Wave.1 -hrel .2
gui_scroll -window Wave.1 -hrel .2
gui_scroll -window Wave.1 -hrel .2
gui_scroll -window Wave.1 -hrel .2
gui_scroll -window Wave.1 -hrel .2
gui_scroll -window Wave.1 -hrel .2
gui_scroll -window Wave.1 -hrel .2
gui_scroll -window Wave.1 -hrel .2
gui_scroll -window Wave.1 -hrel .2
gui_scroll -window Wave.1 -hrel .2
gui_scroll -window Wave.1 -hrel .2
gui_scroll -window Wave.1 -hrel .2
gui_scroll -window Wave.1 -hrel .2
gui_scroll -window Wave.1 -hrel .2
gui_scroll -window Wave.1 -hrel -.2
gui_scroll -window Wave.1 -hrel -.2
gui_scroll -window Wave.1 -hrel -.2
gui_scroll -window Wave.1 -hrel .2
gui_scroll -window Wave.1 -hrel .2
gui_scroll -window Wave.1 -hrel .2
gui_scroll -window Wave.1 -vrel .2
gui_scroll -window Wave.1 -vrel .2
gui_scroll -window Wave.1 -vrel .2
gui_scroll -window Wave.1 -vrel .2
gui_scroll -window Wave.1 -vrel .2
gui_scroll -window Wave.1 -vrel .2
gui_scroll -window Wave.1 -vrel .2
gui_scroll -window Wave.1 -vrel .2
gui_scroll -window Wave.1 -vrel .2
gui_scroll -window Wave.1 -vrel .2
gui_scroll -window Wave.1 -vrel .2
gui_scroll -window Wave.1 -vrel .2
gui_scroll -window Wave.1 -vrel .2
gui_scroll -window Wave.1 -vrel .2
gui_scroll -window Wave.1 -hrel .2
gui_scroll -window Wave.1 -hrel .2
gui_scroll -window Wave.1 -vrel .2
gui_scroll -window Wave.1 -hrel .2
gui_scroll -window Wave.1 -hrel .2
gui_scroll -window Wave.1 -vrel .2
gui_scroll -window Wave.1 -vrel .2
gui_scroll -window Wave.1 -vrel .2
gui_scroll -window Wave.1 -vrel .2
gui_scroll -window Wave.1 -vrel .2
gui_scroll -window Wave.1 -vrel .2
gui_scroll -window Wave.1 -vrel .2
gui_scroll -window Wave.1 -vrel .2
gui_scroll -window Wave.1 -vrel .2
gui_scroll -window Wave.1 -hrel .2
gui_scroll -window Wave.1 -hrel .2
gui_scroll -window Wave.1 -hrel .2
gui_scroll -window Wave.1 -hrel .2
gui_scroll -window Wave.1 -vrel .2
gui_scroll -window Wave.1 -vrel .2
gui_scroll -window Wave.1 -vrel .2
gui_scroll -window Wave.1 -vrel .2
gui_scroll -window Wave.1 -vrel .2
gui_scroll -window Wave.1 -vrel .2
gui_scroll -window Wave.1 -vrel .2
gui_marker_move -id  Wave.1 C1 130.08
gui_marker_move -id  Wave.1 C1 147.06
gui_marker_move -id  Wave.1 C1 145.43
gui_scroll -window Wave.1 -vrel .2
gui_scroll -window Wave.1 -vrel .2
gui_scroll -window Wave.1 -vrel .2
gui_scroll -window Wave.1 -vrel .2
gui_scroll -window Wave.1 -vrel .2
gui_scroll -window Wave.1 -vrel .2
gui_scroll -window Wave.1 -hrel .2
gui_scroll -window Wave.1 -hrel .2
gui_scroll -window Wave.1 -hrel .2
gui_scroll -window Wave.1 -vrel .2
gui_scroll -window Wave.1 -vrel .2
gui_scroll -window Wave.1 -vrel .2
gui_scroll -window Wave.1 -vrel .2
gui_scroll -window Wave.1 -vrel .2
gui_scroll -window Wave.1 -vrel .2
gui_scroll -window Wave.1 -vrel .2
gui_scroll -window Wave.1 -vrel .2
gui_marker_move -id  Wave.1 C1 150.08
gui_list_select -id Wave.1 -selected  { {TOP.v_mr_re[0:0]}   }
gui_list_select -id Wave.1 -selected  { {TOP.ex_vin[0:0]}   }
gui_marker_move -id  Wave.1 C1 150.08
gui_scroll -window Wave.1 -hrel .2
gui_scroll -window Wave.1 -vrel .2
gui_scroll -window Wave.1 -vrel .2
gui_scroll -window Wave.1 -vrel .2
gui_scroll -window Wave.1 -vrel .2
gui_scroll -window Wave.1 -vrel .2
gui_scroll -window Wave.1 -vrel .2
gui_scroll -window Wave.1 -vrel .2
gui_scroll -window Wave.1 -vrel .2
gui_scroll -window Wave.1 -vrel .2
gui_scroll -window Wave.1 -vrel .2
gui_scroll -window Wave.1 -vrel .2
gui_scroll -window Wave.1 -vrel .2
gui_scroll -window Wave.1 -vrel .2
gui_scroll -window Wave.1 -vrel .2
gui_scroll -window Wave.1 -vrel .2
gui_scroll -window Wave.1 -vrel .2
gui_scroll -window Wave.1 -vrel .2
gui_scroll -window Wave.1 -vrel .2
gui_scroll -window Wave.1 -vrel .2
gui_scroll -window Wave.1 -vrel .2
gui_scroll -window Wave.1 -hrel .2
gui_scroll -window Wave.1 -hrel .2
gui_scroll -window Wave.1 -hrel .2
gui_scroll -window Wave.1 -hrel .2
gui_scroll -window Wave.1 -hrel .2
gui_scroll -window Wave.1 -hrel .2
gui_scroll -window Wave.1 -hrel .2
gui_scroll -window Wave.1 -hrel .2
gui_scroll -window Wave.1 -vrel .2
gui_scroll -window Wave.1 -vrel .2
gui_marker_move -id  Wave.1 C1 170.08
gui_scroll -window Wave.1 -vrel .2
gui_scroll -window Wave.1 -vrel .2
gui_scroll -window Wave.1 -vrel .2
gui_marker_move -id  Wave.1 C1 171.81
gui_scroll -window Wave.1 -vrel .2
gui_scroll -window Wave.1 -vrel .2
gui_scroll -window Wave.1 -vrel .2
gui_scroll -window Wave.1 -vrel .2
gui_scroll -window Wave.1 -vrel -.2
gui_scroll -window Wave.1 -vrel -.2
gui_scroll -window Wave.1 -vrel -.2
gui_scroll -window Wave.1 -vrel -.2
gui_scroll -window Wave.1 -vrel -.2
gui_scroll -window Wave.1 -vrel -.2
gui_scroll -window Wave.1 -vrel -.2
gui_scroll -window Wave.1 -vrel -.2
gui_scroll -window Wave.1 -vrel -.2
gui_scroll -window Wave.1 -vrel -.2
gui_scroll -window Wave.1 -vrel -.2
gui_scroll -window Wave.1 -vrel -.2
gui_scroll -window Wave.1 -vrel -.2
gui_scroll -window Wave.1 -vrel -.2
gui_scroll -window Wave.1 -vrel -.2
gui_scroll -window Wave.1 -vrel -.2
gui_scroll -window Wave.1 -vrel -.2
gui_scroll -window Wave.1 -vrel -.2
gui_scroll -window Wave.1 -vrel -.2
gui_scroll -window Wave.1 -vrel -.2
gui_scroll -window Wave.1 -vrel -.2
gui_scroll -window Wave.1 -vrel -.2
gui_scroll -window Wave.1 -vrel -.2
gui_scroll -window Wave.1 -vrel -.2
gui_scroll -window Wave.1 -vrel -.2
gui_scroll -window Wave.1 -vrel -.2
gui_scroll -window Wave.1 -vrel -.2
gui_scroll -window Wave.1 -vrel -.2
gui_marker_move -id  Wave.1 C1 170.98
gui_list_select -id Wave.1 -selected  { {TOP.write_finished[0:0]}   }
gui_marker_move -id  Wave.1 C1 170.48
gui_scroll -window Wave.1 -vrel .2
gui_scroll -window Wave.1 -vrel .2
gui_scroll -window Wave.1 -vrel .2
gui_scroll -window Wave.1 -vrel .2
gui_scroll -window Wave.1 -vrel .2
gui_scroll -window Wave.1 -vrel .2
gui_scroll -window Wave.1 -vrel .2
gui_scroll -window Wave.1 -vrel .2
gui_scroll -window Wave.1 -vrel .2
gui_scroll -window Wave.1 -vrel .2
gui_scroll -window Wave.1 -vrel .2
gui_scroll -window Wave.1 -vrel .2
gui_scroll -window Wave.1 -vrel .2
gui_scroll -window Wave.1 -vrel .2
gui_scroll -window Wave.1 -vrel .2
gui_scroll -window Wave.1 -vrel .2
gui_scroll -window Wave.1 -vrel .2
gui_scroll -window Wave.1 -vrel .2
gui_scroll -window Wave.1 -vrel .2
gui_scroll -window Wave.1 -vrel .2
gui_scroll -window Wave.1 -vrel .2
gui_scroll -window Wave.1 -vrel .2
gui_scroll -window Wave.1 -vrel .2
gui_scroll -window Wave.1 -vrel .2
gui_scroll -window Wave.1 -vrel .2
gui_scroll -window Wave.1 -vrel .2
gui_scroll -window Wave.1 -vrel .2
gui_scroll -window Wave.1 -vrel .2
gui_scroll -window Wave.1 -vrel .2
gui_scroll -window Wave.1 -vrel .2
gui_scroll -window Wave.1 -vrel .2
gui_scroll -window Wave.1 -vrel .2
gui_scroll -window Wave.1 -hrel .2
gui_scroll -window Wave.1 -hrel .2
gui_scroll -window Wave.1 -hrel .2
gui_scroll -window Wave.1 -hrel -.2
gui_scroll -window Wave.1 -hrel -.2
gui_scroll -window Wave.1 -hrel -.2
gui_scroll -window Wave.1 -hrel -.2
gui_scroll -window Wave.1 -hrel .2
gui_scroll -window Wave.1 -vrel .2
gui_scroll -window Wave.1 -vrel .2
gui_scroll -window Wave.1 -hrel .2
gui_scroll -window Wave.1 -hrel .2
gui_scroll -window Wave.1 -hrel .2
gui_scroll -window Wave.1 -hrel .2
gui_scroll -window Wave.1 -hrel .2
gui_scroll -window Wave.1 -hrel .2
gui_scroll -window Wave.1 -hrel .2
gui_scroll -window Wave.1 -hrel .2
gui_scroll -window Wave.1 -hrel .2
gui_scroll -window Wave.1 -hrel -.2
gui_scroll -window Wave.1 -hrel -.2
gui_scroll -window Wave.1 -hrel -.2
gui_scroll -window Wave.1 -hrel -.2
gui_scroll -window Wave.1 -hrel -.2
gui_scroll -window Wave.1 -hrel -.2
gui_scroll -window Wave.1 -hrel -.2
gui_scroll -window Wave.1 -hrel -.2
gui_scroll -window Wave.1 -hrel -.2
gui_scroll -window Wave.1 -hrel -.2
gui_scroll -window Wave.1 -vrel .2
gui_scroll -window Wave.1 -vrel .2
gui_scroll -window Wave.1 -vrel .2
gui_scroll -window Wave.1 -vrel .2
gui_scroll -window Wave.1 -hrel .2
gui_scroll -window Wave.1 -hrel .2
gui_scroll -window Wave.1 -hrel .2
gui_scroll -window Wave.1 -hrel .2
gui_scroll -window Wave.1 -hrel .2
gui_scroll -window Wave.1 -hrel -.2
gui_scroll -window Wave.1 -hrel -.2
gui_scroll -window Wave.1 -hrel -.2
gui_scroll -window Wave.1 -hrel .2
gui_scroll -window Wave.1 -hrel .2
gui_scroll -window Wave.1 -vrel -.2
gui_scroll -window Wave.1 -vrel -.2
gui_scroll -window Wave.1 -vrel -.2
gui_scroll -window Wave.1 -vrel .2
gui_scroll -window Wave.1 -vrel .2
gui_scroll -window Wave.1 -vrel -.2
gui_scroll -window Wave.1 -vrel -.2
gui_scroll -window Wave.1 -vrel -.2
gui_scroll -window Wave.1 -vrel -.2
gui_scroll -window Wave.1 -vrel -.2
gui_scroll -window Wave.1 -vrel -.2
gui_scroll -window Wave.1 -vrel -.2
gui_scroll -window Wave.1 -vrel -.2
gui_scroll -window Wave.1 -vrel -.2
gui_scroll -window Wave.1 -vrel -.2
gui_scroll -window Wave.1 -vrel -.2
gui_scroll -window Wave.1 -vrel -.2
gui_scroll -window Wave.1 -vrel -.2
gui_scroll -window Wave.1 -vrel -.2
gui_scroll -window Wave.1 -vrel -.2
gui_scroll -window Wave.1 -vrel -.2
gui_scroll -window Wave.1 -vrel -.2
gui_scroll -window Wave.1 -vrel -.2
gui_scroll -window Wave.1 -vrel -.2
gui_scroll -window Wave.1 -vrel -.2
gui_scroll -window Wave.1 -vrel -.2
gui_scroll -window Wave.1 -vrel -.2
gui_scroll -window Wave.1 -vrel -.2
gui_scroll -window Wave.1 -vrel -.2
gui_scroll -window Wave.1 -vrel -.2
gui_scroll -window Wave.1 -vrel -.2
gui_scroll -window Wave.1 -vrel -.2
gui_scroll -window Wave.1 -vrel -.2
gui_scroll -window Wave.1 -vrel -.2
gui_scroll -window Wave.1 -vrel -.2
gui_scroll -window Wave.1 -vrel -.2
gui_scroll -window Wave.1 -vrel -.2
gui_scroll -window Wave.1 -vrel -.2
gui_scroll -window Wave.1 -vrel -.2
gui_scroll -window Wave.1 -vrel -.2
gui_scroll -window Wave.1 -vrel -.2
gui_scroll -window Wave.1 -vrel -.2
gui_scroll -window Wave.1 -vrel -.2
gui_scroll -window Wave.1 -vrel -.2
gui_scroll -window Wave.1 -vrel -.2
gui_scroll -window Wave.1 -vrel -.2
gui_scroll -window Wave.1 -vrel -.2
gui_scroll -window Wave.1 -vrel -.2
gui_scroll -window Wave.1 -vrel -.2
gui_scroll -window Wave.1 -vrel -.2
gui_scroll -window Wave.1 -vrel -.2
gui_scroll -window Wave.1 -vrel -.2
gui_scroll -window Wave.1 -vrel -.2
gui_scroll -window Wave.1 -vrel -.2
gui_scroll -window Wave.1 -vrel -.2
gui_scroll -window Wave.1 -vrel -.2
gui_scroll -window Wave.1 -vrel -.2
gui_scroll -window Wave.1 -vrel -.2
gui_scroll -window Wave.1 -vrel -.2
gui_scroll -window Wave.1 -vrel -.2
gui_scroll -window Wave.1 -vrel -.2
gui_scroll -window Wave.1 -vrel -.2
gui_scroll -window Wave.1 -vrel -.2
gui_scroll -window Wave.1 -vrel -.2
gui_scroll -window Wave.1 -vrel -.2
gui_scroll -window Wave.1 -vrel -.2
gui_scroll -window Wave.1 -vrel -.2
gui_scroll -window Wave.1 -vrel -.2
gui_scroll -window Wave.1 -vrel -.2
gui_scroll -window Wave.1 -vrel -.2
gui_scroll -window Wave.1 -vrel -.2
gui_scroll -window Wave.1 -vrel -.2
gui_scroll -window Wave.1 -vrel -.2
gui_scroll -window Wave.1 -vrel -.2
gui_scroll -window Wave.1 -vrel -.2
gui_scroll -window Wave.1 -vrel -.2
gui_scroll -window Wave.1 -vrel -.2
gui_scroll -window Wave.1 -vrel -.2
gui_scroll -window Wave.1 -vrel -.2
gui_scroll -window Wave.1 -vrel -.2
gui_scroll -window Wave.1 -vrel -.2
gui_scroll -window Wave.1 -hrel .2
gui_scroll -window Wave.1 -hrel -.2
gui_scroll -window Wave.1 -hrel -.2
gui_scroll -window Wave.1 -hrel .2
gui_scroll -window Wave.1 -hrel .2
gui_scroll -window Wave.1 -hrel .2
gui_scroll -window Wave.1 -hrel .2
gui_scroll -window Wave.1 -hrel .2
gui_scroll -window Wave.1 -hrel -.2
gui_scroll -window Wave.1 -hrel -.2
gui_scroll -window Wave.1 -hrel -.2
gui_scroll -window Wave.1 -hrel -.2
gui_scroll -window Wave.1 -hrel -.2
gui_scroll -window Wave.1 -hrel -.2
gui_scroll -window Wave.1 -hrel -.2
gui_scroll -window Wave.1 -hrel -.2
gui_scroll -window Wave.1 -hrel -.2
gui_scroll -window Wave.1 -hrel -.2
gui_scroll -window Wave.1 -hrel -.2
gui_scroll -window Wave.1 -hrel -.2
gui_scroll -window Wave.1 -hrel -.2
gui_scroll -window Wave.1 -hrel -.2
gui_scroll -window Wave.1 -hrel -.2
gui_scroll -window Wave.1 -hrel -.2
gui_scroll -window Wave.1 -hrel -.2
gui_scroll -window Wave.1 -hrel -.2
gui_scroll -window Wave.1 -hrel -.2
gui_scroll -window Wave.1 -hrel -.2
gui_scroll -window Wave.1 -hrel -.2
gui_scroll -window Wave.1 -hrel -.2
gui_scroll -window Wave.1 -hrel -.2
gui_scroll -window Wave.1 -hrel -.2
gui_scroll -window Wave.1 -hrel -.2
gui_scroll -window Wave.1 -hrel -.2
gui_scroll -window Wave.1 -hrel -.2
gui_scroll -window Wave.1 -hrel -.2
gui_scroll -window Wave.1 -hrel -.2
gui_scroll -window Wave.1 -hrel -.2
gui_scroll -window Wave.1 -hrel -.2
gui_scroll -window Wave.1 -hrel -.2
gui_scroll -window Wave.1 -hrel -.2
gui_scroll -window Wave.1 -hrel -.2
gui_scroll -window Wave.1 -hrel -.2
gui_scroll -window Wave.1 -hrel -.2
gui_scroll -window Wave.1 -hrel -.2
gui_scroll -window Wave.1 -hrel -.2
gui_scroll -window Wave.1 -hrel -.2
gui_scroll -window Wave.1 -hrel -.2
gui_scroll -window Wave.1 -hrel -.2
gui_scroll -window Wave.1 -hrel -.2
gui_scroll -window Wave.1 -hrel -.2
gui_scroll -window Wave.1 -hrel -.2
gui_scroll -window Wave.1 -hrel -.2
gui_scroll -window Wave.1 -hrel -.2
gui_scroll -window Wave.1 -hrel -.2
gui_scroll -window Wave.1 -hrel -.2
gui_scroll -window Wave.1 -hrel -.2
gui_scroll -window Wave.1 -hrel -.2
gui_scroll -window Wave.1 -hrel -.2
gui_scroll -window Wave.1 -hrel -.2
gui_scroll -window Wave.1 -hrel -.2
gui_scroll -window Wave.1 -hrel -.2
gui_scroll -window Wave.1 -hrel -.2
gui_scroll -window Wave.1 -hrel -.2
gui_scroll -window Wave.1 -hrel -.2
gui_scroll -window Wave.1 -hrel -.2
gui_scroll -window Wave.1 -hrel -.2
gui_scroll -window Wave.1 -hrel -.2
gui_scroll -window Wave.1 -hrel -.2
gui_scroll -window Wave.1 -hrel -.2
gui_scroll -window Wave.1 -hrel -.2
